[32mINFO[0m:     [05-01-2024 21:00:59] Set chroma_server_nofile to 65535
[32mINFO[0m:     [06-01-2024 18:20:41] Set chroma_server_nofile to 65535
[32mINFO[0m:     [06-01-2024 18:20:47] Set chroma_server_nofile to 65535
[32mINFO[0m:     [06-01-2024 18:20:47] Anonymized telemetry enabled. See                     https://docs.trychroma.com/telemetry for more information.
[36mDEBUG[0m:    [06-01-2024 18:20:47] Starting component System
[36mDEBUG[0m:    [06-01-2024 18:20:47] Starting component OpenTelemetryClient
[36mDEBUG[0m:    [06-01-2024 18:20:47] Starting component SimpleAssignmentPolicy
[36mDEBUG[0m:    [06-01-2024 18:20:47] Starting component SqliteDB
[36mDEBUG[0m:    [06-01-2024 18:20:47] Starting component Posthog
[36mDEBUG[0m:    [06-01-2024 18:20:47] Starting component LocalSegmentManager
[36mDEBUG[0m:    [06-01-2024 18:20:47] Starting component SegmentAPI
[32mINFO[0m:     [06-01-2024 18:20:47] Started server process [[36m14469[0m]
[32mINFO[0m:     [06-01-2024 18:20:47] Waiting for application startup.
[32mINFO[0m:     [06-01-2024 18:20:47] Application startup complete.
[32mINFO[0m:     [06-01-2024 18:20:47] Uvicorn running on [1mhttp://localhost:8000[0m (Press CTRL+C to quit)
[32mINFO[0m:     [06-01-2024 21:15:21] Set chroma_server_nofile to 65535
[32mINFO[0m:     [06-01-2024 21:15:21] Anonymized telemetry enabled. See                     https://docs.trychroma.com/telemetry for more information.
[36mDEBUG[0m:    [06-01-2024 21:15:21] Starting component System
[36mDEBUG[0m:    [06-01-2024 21:15:21] Starting component OpenTelemetryClient
[36mDEBUG[0m:    [06-01-2024 21:15:21] Starting component SimpleAssignmentPolicy
[36mDEBUG[0m:    [06-01-2024 21:15:21] Starting component SqliteDB
[36mDEBUG[0m:    [06-01-2024 21:15:21] Starting component Posthog
[36mDEBUG[0m:    [06-01-2024 21:15:21] Starting component LocalSegmentManager
[36mDEBUG[0m:    [06-01-2024 21:15:21] Starting component SegmentAPI
[32mINFO[0m:     [06-01-2024 21:15:21] Started server process [[36m10801[0m]
[32mINFO[0m:     [06-01-2024 21:15:21] Waiting for application startup.
[32mINFO[0m:     [06-01-2024 21:15:21] Application startup complete.
[32mINFO[0m:     [06-01-2024 21:15:21] Uvicorn running on [1mhttp://localhost:8000[0m (Press CTRL+C to quit)
[32mINFO[0m:     [06-01-2024 21:15:30] Shutting down
[32mINFO[0m:     [06-01-2024 21:15:30] Waiting for application shutdown.
[32mINFO[0m:     [06-01-2024 21:15:30] Application shutdown complete.
[32mINFO[0m:     [06-01-2024 21:15:30] Finished server process [[36m10801[0m]
[32mINFO[0m:     [06-01-2024 21:15:34] Set chroma_server_nofile to 65535
[32mINFO[0m:     [06-01-2024 21:15:34] Anonymized telemetry enabled. See                     https://docs.trychroma.com/telemetry for more information.
[36mDEBUG[0m:    [06-01-2024 21:15:34] Starting component System
[36mDEBUG[0m:    [06-01-2024 21:15:34] Starting component OpenTelemetryClient
[36mDEBUG[0m:    [06-01-2024 21:15:34] Starting component SimpleAssignmentPolicy
[36mDEBUG[0m:    [06-01-2024 21:15:34] Starting component SqliteDB
[36mDEBUG[0m:    [06-01-2024 21:15:34] Starting component Posthog
[36mDEBUG[0m:    [06-01-2024 21:15:34] Starting component LocalSegmentManager
[36mDEBUG[0m:    [06-01-2024 21:15:34] Starting component SegmentAPI
[32mINFO[0m:     [06-01-2024 21:15:34] Started server process [[36m10844[0m]
[32mINFO[0m:     [06-01-2024 21:15:34] Waiting for application startup.
[32mINFO[0m:     [06-01-2024 21:15:34] Application startup complete.
[32mINFO[0m:     [06-01-2024 21:15:34] Uvicorn running on [1mhttp://localhost:8000[0m (Press CTRL+C to quit)
